<?xml version="1.0" encoding="UTF-8"?>
<!-- Generated by org.testng.reporters.JUnitXMLReporter -->
<testsuite hostname="L-156053666" ignored="0" name="SanityTests" tests="6" failures="0" timestamp="05 May 2018 13:20:56 GMT" time="0.107" errors="0">
  <testcase name="AdVendor" time="0.0" classname="Rubel.GroupTest"/>
  <testcase name="DeAdVendor" time="0.0" classname="Rubel.GroupTest2"/>
  <testcase name="Adproduct" time="0.0" classname="Rubel.GroupTest"/>
  <testcase name="Deproduct" time="0.0" classname="Rubel.GroupTest2"/>
  <testcase name="AdCurrency" time="0.0" classname="Rubel.GroupTest"/>
  <testcase name="DeCurrency" time="0.0" classname="Rubel.GroupTest2"/>
</testsuite> <!-- SanityTests -->
